0 info it worked if it ends with ok
1 verbose cli [ 'node', '/usr/local/bin/npm', 'install' ]
2 info using npm@1.4.28
3 info using node@v0.10.33
4 verbose readDependencies using package.json deps
5 verbose install where, deps [ '/Users/paceld/workspace/1ssmogSnake',
5 verbose install   [ 'express',
5 verbose install     'body-parser',
5 verbose install     'cookie-parser',
5 verbose install     'morgan',
5 verbose install     'serve-favicon',
5 verbose install     'debug',
5 verbose install     'jade' ] ]
6 info preinstall smmog@0.0.0
7 verbose readDependencies using package.json deps
8 verbose cache add [ 'morgan@~1.3.0', null ]
9 verbose cache add name=undefined spec="morgan@~1.3.0" args=["morgan@~1.3.0",null]
10 verbose parsed url { protocol: null,
10 verbose parsed url   slashes: null,
10 verbose parsed url   auth: null,
10 verbose parsed url   host: null,
10 verbose parsed url   port: null,
10 verbose parsed url   hostname: null,
10 verbose parsed url   hash: null,
10 verbose parsed url   search: null,
10 verbose parsed url   query: null,
10 verbose parsed url   pathname: 'morgan@~1.3.0',
10 verbose parsed url   path: 'morgan@~1.3.0',
10 verbose parsed url   href: 'morgan@~1.3.0' }
11 verbose cache add [ 'serve-favicon@~2.1.3', null ]
12 verbose cache add name=undefined spec="serve-favicon@~2.1.3" args=["serve-favicon@~2.1.3",null]
13 verbose parsed url { protocol: null,
13 verbose parsed url   slashes: null,
13 verbose parsed url   auth: null,
13 verbose parsed url   host: null,
13 verbose parsed url   port: null,
13 verbose parsed url   hostname: null,
13 verbose parsed url   hash: null,
13 verbose parsed url   search: null,
13 verbose parsed url   query: null,
13 verbose parsed url   pathname: 'serve-favicon@~2.1.3',
13 verbose parsed url   path: 'serve-favicon@~2.1.3',
13 verbose parsed url   href: 'serve-favicon@~2.1.3' }
14 verbose cache add name="morgan" spec="~1.3.0" args=["morgan","~1.3.0"]
15 verbose parsed url { protocol: null,
15 verbose parsed url   slashes: null,
15 verbose parsed url   auth: null,
15 verbose parsed url   host: null,
15 verbose parsed url   port: null,
15 verbose parsed url   hostname: null,
15 verbose parsed url   hash: null,
15 verbose parsed url   search: null,
15 verbose parsed url   query: null,
15 verbose parsed url   pathname: '~1.3.0',
15 verbose parsed url   path: '~1.3.0',
15 verbose parsed url   href: '~1.3.0' }
16 verbose addNamed [ 'morgan', '~1.3.0' ]
17 verbose addNamed [ null, '>=1.3.0-0 <1.4.0-0' ]
18 verbose cache add [ 'debug@~2.0.0', null ]
19 verbose cache add name=undefined spec="debug@~2.0.0" args=["debug@~2.0.0",null]
20 verbose parsed url { protocol: null,
20 verbose parsed url   slashes: null,
20 verbose parsed url   auth: null,
20 verbose parsed url   host: null,
20 verbose parsed url   port: null,
20 verbose parsed url   hostname: null,
20 verbose parsed url   hash: null,
20 verbose parsed url   search: null,
20 verbose parsed url   query: null,
20 verbose parsed url   pathname: 'debug@~2.0.0',
20 verbose parsed url   path: 'debug@~2.0.0',
20 verbose parsed url   href: 'debug@~2.0.0' }
21 verbose cache add name="serve-favicon" spec="~2.1.3" args=["serve-favicon","~2.1.3"]
22 verbose parsed url { protocol: null,
22 verbose parsed url   slashes: null,
22 verbose parsed url   auth: null,
22 verbose parsed url   host: null,
22 verbose parsed url   port: null,
22 verbose parsed url   hostname: null,
22 verbose parsed url   hash: null,
22 verbose parsed url   search: null,
22 verbose parsed url   query: null,
22 verbose parsed url   pathname: '~2.1.3',
22 verbose parsed url   path: '~2.1.3',
22 verbose parsed url   href: '~2.1.3' }
23 verbose addNamed [ 'serve-favicon', '~2.1.3' ]
24 verbose addNamed [ null, '>=2.1.3-0 <2.2.0-0' ]
25 silly lockFile a4a9bdf4-morgan-1-3-0 morgan@~1.3.0
26 verbose lock morgan@~1.3.0 /Users/paceld/.npm/a4a9bdf4-morgan-1-3-0.lock
27 silly lockFile 38295489-serve-favicon-2-1-3 serve-favicon@~2.1.3
28 verbose lock serve-favicon@~2.1.3 /Users/paceld/.npm/38295489-serve-favicon-2-1-3.lock
29 verbose cache add [ 'jade@~1.6.0', null ]
30 verbose cache add name=undefined spec="jade@~1.6.0" args=["jade@~1.6.0",null]
31 verbose parsed url { protocol: null,
31 verbose parsed url   slashes: null,
31 verbose parsed url   auth: null,
31 verbose parsed url   host: null,
31 verbose parsed url   port: null,
31 verbose parsed url   hostname: null,
31 verbose parsed url   hash: null,
31 verbose parsed url   search: null,
31 verbose parsed url   query: null,
31 verbose parsed url   pathname: 'jade@~1.6.0',
31 verbose parsed url   path: 'jade@~1.6.0',
31 verbose parsed url   href: 'jade@~1.6.0' }
32 verbose cache add name="debug" spec="~2.0.0" args=["debug","~2.0.0"]
33 verbose parsed url { protocol: null,
33 verbose parsed url   slashes: null,
33 verbose parsed url   auth: null,
33 verbose parsed url   host: null,
33 verbose parsed url   port: null,
33 verbose parsed url   hostname: null,
33 verbose parsed url   hash: null,
33 verbose parsed url   search: null,
33 verbose parsed url   query: null,
33 verbose parsed url   pathname: '~2.0.0',
33 verbose parsed url   path: '~2.0.0',
33 verbose parsed url   href: '~2.0.0' }
34 verbose addNamed [ 'debug', '~2.0.0' ]
35 verbose addNamed [ null, '>=2.0.0-0 <2.1.0-0' ]
36 silly lockFile 12b6356d-debug-2-0-0 debug@~2.0.0
37 verbose lock debug@~2.0.0 /Users/paceld/.npm/12b6356d-debug-2-0-0.lock
38 verbose cache add name="jade" spec="~1.6.0" args=["jade","~1.6.0"]
39 verbose parsed url { protocol: null,
39 verbose parsed url   slashes: null,
39 verbose parsed url   auth: null,
39 verbose parsed url   host: null,
39 verbose parsed url   port: null,
39 verbose parsed url   hostname: null,
39 verbose parsed url   hash: null,
39 verbose parsed url   search: null,
39 verbose parsed url   query: null,
39 verbose parsed url   pathname: '~1.6.0',
39 verbose parsed url   path: '~1.6.0',
39 verbose parsed url   href: '~1.6.0' }
40 verbose addNamed [ 'jade', '~1.6.0' ]
41 verbose addNamed [ null, '>=1.6.0-0 <1.7.0-0' ]
42 silly lockFile ad8c17a8-jade-1-6-0 jade@~1.6.0
43 verbose lock jade@~1.6.0 /Users/paceld/.npm/ad8c17a8-jade-1-6-0.lock
44 silly addNameRange { name: 'morgan', range: '>=1.3.0-0 <1.4.0-0', hasData: false }
45 verbose cache add [ 'express@~4.9.0', null ]
46 verbose cache add name=undefined spec="express@~4.9.0" args=["express@~4.9.0",null]
47 verbose parsed url { protocol: null,
47 verbose parsed url   slashes: null,
47 verbose parsed url   auth: null,
47 verbose parsed url   host: null,
47 verbose parsed url   port: null,
47 verbose parsed url   hostname: null,
47 verbose parsed url   hash: null,
47 verbose parsed url   search: null,
47 verbose parsed url   query: null,
47 verbose parsed url   pathname: 'express@~4.9.0',
47 verbose parsed url   path: 'express@~4.9.0',
47 verbose parsed url   href: 'express@~4.9.0' }
48 verbose cache add [ 'body-parser@~1.8.1', null ]
49 verbose cache add name=undefined spec="body-parser@~1.8.1" args=["body-parser@~1.8.1",null]
50 verbose parsed url { protocol: null,
50 verbose parsed url   slashes: null,
50 verbose parsed url   auth: null,
50 verbose parsed url   host: null,
50 verbose parsed url   port: null,
50 verbose parsed url   hostname: null,
50 verbose parsed url   hash: null,
50 verbose parsed url   search: null,
50 verbose parsed url   query: null,
50 verbose parsed url   pathname: 'body-parser@~1.8.1',
50 verbose parsed url   path: 'body-parser@~1.8.1',
50 verbose parsed url   href: 'body-parser@~1.8.1' }
51 silly addNameRange { name: 'serve-favicon',
51 silly addNameRange   range: '>=2.1.3-0 <2.2.0-0',
51 silly addNameRange   hasData: false }
52 silly addNameRange { name: 'debug', range: '>=2.0.0-0 <2.1.0-0', hasData: false }
53 verbose cache add name="express" spec="~4.9.0" args=["express","~4.9.0"]
54 verbose parsed url { protocol: null,
54 verbose parsed url   slashes: null,
54 verbose parsed url   auth: null,
54 verbose parsed url   host: null,
54 verbose parsed url   port: null,
54 verbose parsed url   hostname: null,
54 verbose parsed url   hash: null,
54 verbose parsed url   search: null,
54 verbose parsed url   query: null,
54 verbose parsed url   pathname: '~4.9.0',
54 verbose parsed url   path: '~4.9.0',
54 verbose parsed url   href: '~4.9.0' }
55 verbose addNamed [ 'express', '~4.9.0' ]
56 verbose addNamed [ null, '>=4.9.0-0 <4.10.0-0' ]
57 silly lockFile 6ae7fa08-express-4-9-0 express@~4.9.0
58 verbose lock express@~4.9.0 /Users/paceld/.npm/6ae7fa08-express-4-9-0.lock
59 verbose cache add [ 'cookie-parser@~1.3.3', null ]
60 verbose cache add name=undefined spec="cookie-parser@~1.3.3" args=["cookie-parser@~1.3.3",null]
61 verbose parsed url { protocol: null,
61 verbose parsed url   slashes: null,
61 verbose parsed url   auth: null,
61 verbose parsed url   host: null,
61 verbose parsed url   port: null,
61 verbose parsed url   hostname: null,
61 verbose parsed url   hash: null,
61 verbose parsed url   search: null,
61 verbose parsed url   query: null,
61 verbose parsed url   pathname: 'cookie-parser@~1.3.3',
61 verbose parsed url   path: 'cookie-parser@~1.3.3',
61 verbose parsed url   href: 'cookie-parser@~1.3.3' }
62 verbose cache add name="body-parser" spec="~1.8.1" args=["body-parser","~1.8.1"]
63 verbose parsed url { protocol: null,
63 verbose parsed url   slashes: null,
63 verbose parsed url   auth: null,
63 verbose parsed url   host: null,
63 verbose parsed url   port: null,
63 verbose parsed url   hostname: null,
63 verbose parsed url   hash: null,
63 verbose parsed url   search: null,
63 verbose parsed url   query: null,
63 verbose parsed url   pathname: '~1.8.1',
63 verbose parsed url   path: '~1.8.1',
63 verbose parsed url   href: '~1.8.1' }
64 verbose addNamed [ 'body-parser', '~1.8.1' ]
65 verbose addNamed [ null, '>=1.8.1-0 <1.9.0-0' ]
66 silly lockFile a49948c1-body-parser-1-8-1 body-parser@~1.8.1
67 verbose lock body-parser@~1.8.1 /Users/paceld/.npm/a49948c1-body-parser-1-8-1.lock
68 silly addNameRange { name: 'jade', range: '>=1.6.0-0 <1.7.0-0', hasData: false }
69 verbose cache add name="cookie-parser" spec="~1.3.3" args=["cookie-parser","~1.3.3"]
70 verbose parsed url { protocol: null,
70 verbose parsed url   slashes: null,
70 verbose parsed url   auth: null,
70 verbose parsed url   host: null,
70 verbose parsed url   port: null,
70 verbose parsed url   hostname: null,
70 verbose parsed url   hash: null,
70 verbose parsed url   search: null,
70 verbose parsed url   query: null,
70 verbose parsed url   pathname: '~1.3.3',
70 verbose parsed url   path: '~1.3.3',
70 verbose parsed url   href: '~1.3.3' }
71 verbose addNamed [ 'cookie-parser', '~1.3.3' ]
72 verbose addNamed [ null, '>=1.3.3-0 <1.4.0-0' ]
73 silly lockFile bf5babd8-cookie-parser-1-3-3 cookie-parser@~1.3.3
74 verbose lock cookie-parser@~1.3.3 /Users/paceld/.npm/bf5babd8-cookie-parser-1-3-3.lock
75 silly addNameRange { name: 'express', range: '>=4.9.0-0 <4.10.0-0', hasData: false }
76 silly addNameRange { name: 'body-parser',
76 silly addNameRange   range: '>=1.8.1-0 <1.9.0-0',
76 silly addNameRange   hasData: false }
77 silly addNameRange { name: 'cookie-parser',
77 silly addNameRange   range: '>=1.3.3-0 <1.4.0-0',
77 silly addNameRange   hasData: false }
78 verbose request where is /morgan
79 verbose request registry https://registry.npmjs.org/
80 verbose request id d35fd292bad46256
81 verbose url raw /morgan
82 verbose url resolving [ 'https://registry.npmjs.org/', './morgan' ]
83 verbose url resolved https://registry.npmjs.org/morgan
84 verbose request where is https://registry.npmjs.org/morgan
85 info trying registry request attempt 1 at 17:12:16
86 verbose etag "5WA5NSQRM4BQPLMFT416OA0VM"
87 http GET https://registry.npmjs.org/morgan
88 verbose request where is /serve-favicon
89 verbose request registry https://registry.npmjs.org/
90 verbose url raw /serve-favicon
91 verbose url resolving [ 'https://registry.npmjs.org/', './serve-favicon' ]
92 verbose url resolved https://registry.npmjs.org/serve-favicon
93 verbose request where is https://registry.npmjs.org/serve-favicon
94 info trying registry request attempt 1 at 17:12:16
95 verbose etag "DQNCEOV1TU804V1DNRWACLPFP"
96 http GET https://registry.npmjs.org/serve-favicon
97 verbose request where is /debug
98 verbose request registry https://registry.npmjs.org/
99 verbose url raw /debug
100 verbose url resolving [ 'https://registry.npmjs.org/', './debug' ]
101 verbose url resolved https://registry.npmjs.org/debug
102 verbose request where is https://registry.npmjs.org/debug
103 info trying registry request attempt 1 at 17:12:16
104 verbose etag "CSNN0ND70W1P0GC55NLGQT3UP"
105 http GET https://registry.npmjs.org/debug
106 verbose request where is /jade
107 verbose request registry https://registry.npmjs.org/
108 verbose url raw /jade
109 verbose url resolving [ 'https://registry.npmjs.org/', './jade' ]
110 verbose url resolved https://registry.npmjs.org/jade
111 verbose request where is https://registry.npmjs.org/jade
112 info trying registry request attempt 1 at 17:12:16
113 verbose etag "D0HJ3226HWTGS8JHOBTZ9X5D5"
114 http GET https://registry.npmjs.org/jade
115 verbose request where is /express
116 verbose request registry https://registry.npmjs.org/
117 verbose url raw /express
118 verbose url resolving [ 'https://registry.npmjs.org/', './express' ]
119 verbose url resolved https://registry.npmjs.org/express
120 verbose request where is https://registry.npmjs.org/express
121 info trying registry request attempt 1 at 17:12:16
122 verbose etag "4Z3Q8LIV2SPPVOI0ZQDH2HLA0"
123 http GET https://registry.npmjs.org/express
124 verbose request where is /body-parser
125 verbose request registry https://registry.npmjs.org/
126 verbose url raw /body-parser
127 verbose url resolving [ 'https://registry.npmjs.org/', './body-parser' ]
128 verbose url resolved https://registry.npmjs.org/body-parser
129 verbose request where is https://registry.npmjs.org/body-parser
130 info trying registry request attempt 1 at 17:12:16
131 verbose etag "ETFMT3XUY9E3VLUU2ZU6AZMLC"
132 http GET https://registry.npmjs.org/body-parser
133 verbose request where is /cookie-parser
134 verbose request registry https://registry.npmjs.org/
135 verbose url raw /cookie-parser
136 verbose url resolving [ 'https://registry.npmjs.org/', './cookie-parser' ]
137 verbose url resolved https://registry.npmjs.org/cookie-parser
138 verbose request where is https://registry.npmjs.org/cookie-parser
139 info trying registry request attempt 1 at 17:12:16
140 verbose etag "3UWG5C6O2A8VI3EX16TXMA7QC"
141 http GET https://registry.npmjs.org/cookie-parser
142 http 304 https://registry.npmjs.org/morgan
143 silly registry.get cb [ 304,
143 silly registry.get   { date: 'Sun, 21 Dec 2014 00:12:16 GMT',
143 silly registry.get     server: 'Apache',
143 silly registry.get     via: '1.1 varnish',
143 silly registry.get     'last-modified': 'Sun, 21 Dec 2014 00:12:16 GMT',
143 silly registry.get     'cache-control': 'max-age=60',
143 silly registry.get     etag: '"5WA5NSQRM4BQPLMFT416OA0VM"',
143 silly registry.get     age: '56',
143 silly registry.get     'x-served-by': 'cache-ord1732-ORD',
143 silly registry.get     'x-cache': 'HIT',
143 silly registry.get     'x-cache-hits': '1',
143 silly registry.get     'x-timer': 'S1419120736.664886,VS0,VE0',
143 silly registry.get     vary: 'Accept',
143 silly registry.get     'content-length': '0',
143 silly registry.get     'keep-alive': 'timeout=10, max=50',
143 silly registry.get     connection: 'Keep-Alive' } ]
144 verbose etag https://registry.npmjs.org/morgan from cache
145 http 304 https://registry.npmjs.org/debug
146 silly registry.get cb [ 304,
146 silly registry.get   { date: 'Sun, 21 Dec 2014 00:12:16 GMT',
146 silly registry.get     server: 'Apache',
146 silly registry.get     via: '1.1 varnish',
146 silly registry.get     'last-modified': 'Sun, 21 Dec 2014 00:12:13 GMT',
146 silly registry.get     'cache-control': 'max-age=60',
146 silly registry.get     etag: '"CSNN0ND70W1P0GC55NLGQT3UP"',
146 silly registry.get     age: '3',
146 silly registry.get     'x-served-by': 'cache-ord1726-ORD',
146 silly registry.get     'x-cache': 'HIT',
146 silly registry.get     'x-cache-hits': '2',
146 silly registry.get     'x-timer': 'S1419120736.666160,VS0,VE0',
146 silly registry.get     vary: 'Accept',
146 silly registry.get     'content-length': '0',
146 silly registry.get     'keep-alive': 'timeout=10, max=50',
146 silly registry.get     connection: 'Keep-Alive' } ]
147 verbose etag https://registry.npmjs.org/debug from cache
148 silly addNameRange number 2 { name: 'morgan', range: '>=1.3.0-0 <1.4.0-0', hasData: true }
149 silly addNameRange versions [ 'morgan',
149 silly addNameRange   [ '1.0.0',
149 silly addNameRange     '1.0.1',
149 silly addNameRange     '1.1.0',
149 silly addNameRange     '1.1.1',
149 silly addNameRange     '1.2.0',
149 silly addNameRange     '1.2.1',
149 silly addNameRange     '1.2.2',
149 silly addNameRange     '1.2.3',
149 silly addNameRange     '1.3.0',
149 silly addNameRange     '1.3.1',
149 silly addNameRange     '1.3.2',
149 silly addNameRange     '1.4.0',
149 silly addNameRange     '1.4.1',
149 silly addNameRange     '1.5.0' ] ]
150 verbose addNamed [ 'morgan', '1.3.2' ]
151 verbose addNamed [ '1.3.2', '1.3.2' ]
152 silly lockFile 7e2b41c6-morgan-1-3-2 morgan@1.3.2
153 verbose lock morgan@1.3.2 /Users/paceld/.npm/7e2b41c6-morgan-1-3-2.lock
154 silly addNameRange number 2 { name: 'debug', range: '>=2.0.0-0 <2.1.0-0', hasData: true }
155 silly addNameRange versions [ 'debug',
155 silly addNameRange   [ '0.0.1',
155 silly addNameRange     '0.1.0',
155 silly addNameRange     '0.2.0',
155 silly addNameRange     '0.3.0',
155 silly addNameRange     '0.4.0',
155 silly addNameRange     '0.4.1',
155 silly addNameRange     '0.5.0',
155 silly addNameRange     '0.6.0',
155 silly addNameRange     '0.7.0',
155 silly addNameRange     '0.7.1',
155 silly addNameRange     '0.7.2',
155 silly addNameRange     '0.7.3',
155 silly addNameRange     '0.7.4',
155 silly addNameRange     '0.8.0',
155 silly addNameRange     '0.8.1',
155 silly addNameRange     '1.0.0',
155 silly addNameRange     '1.0.1',
155 silly addNameRange     '1.0.2',
155 silly addNameRange     '1.0.3',
155 silly addNameRange     '1.0.4',
155 silly addNameRange     '2.0.0',
155 silly addNameRange     '2.1.0' ] ]
156 verbose addNamed [ 'debug', '2.0.0' ]
157 verbose addNamed [ '2.0.0', '2.0.0' ]
158 silly lockFile 095bd820-debug-2-0-0 debug@2.0.0
159 verbose lock debug@2.0.0 /Users/paceld/.npm/095bd820-debug-2-0-0.lock
160 silly lockFile cac8e271-pmjs-org-morgan-morgan-1-3-2-tgz https://registry.npmjs.org/morgan/-/morgan-1.3.2.tgz
161 verbose lock https://registry.npmjs.org/morgan/-/morgan-1.3.2.tgz /Users/paceld/.npm/cac8e271-pmjs-org-morgan-morgan-1-3-2-tgz.lock
162 http 304 https://registry.npmjs.org/jade
163 silly registry.get cb [ 304,
163 silly registry.get   { date: 'Sun, 21 Dec 2014 00:12:16 GMT',
163 silly registry.get     server: 'Apache',
163 silly registry.get     via: '1.1 varnish',
163 silly registry.get     'last-modified': 'Sun, 21 Dec 2014 00:12:16 GMT',
163 silly registry.get     'cache-control': 'max-age=60',
163 silly registry.get     etag: '"D0HJ3226HWTGS8JHOBTZ9X5D5"',
163 silly registry.get     age: '54',
163 silly registry.get     'x-served-by': 'cache-ord1727-ORD',
163 silly registry.get     'x-cache': 'HIT',
163 silly registry.get     'x-cache-hits': '1',
163 silly registry.get     'x-timer': 'S1419120736.685055,VS0,VE0',
163 silly registry.get     vary: 'Accept',
163 silly registry.get     'content-length': '0',
163 silly registry.get     'keep-alive': 'timeout=10, max=50',
163 silly registry.get     connection: 'Keep-Alive' } ]
164 verbose etag https://registry.npmjs.org/jade from cache
165 verbose addRemoteTarball [ 'https://registry.npmjs.org/morgan/-/morgan-1.3.2.tgz',
165 verbose addRemoteTarball   'ac41aa15221ee4e5f2ac843896b6918139a18efd' ]
166 silly lockFile 095bd820-debug-2-0-0 debug@2.0.0
167 silly lockFile 095bd820-debug-2-0-0 debug@2.0.0
168 silly lockFile 12b6356d-debug-2-0-0 debug@~2.0.0
169 silly lockFile 12b6356d-debug-2-0-0 debug@~2.0.0
170 silly addNameRange number 2 { name: 'jade', range: '>=1.6.0-0 <1.7.0-0', hasData: true }
171 silly addNameRange versions [ 'jade',
171 silly addNameRange   [ '0.0.1',
171 silly addNameRange     '0.0.2',
171 silly addNameRange     '0.1.0',
171 silly addNameRange     '0.2.0',
171 silly addNameRange     '0.2.1',
171 silly addNameRange     '0.2.2',
171 silly addNameRange     '0.2.3',
171 silly addNameRange     '0.2.4',
171 silly addNameRange     '0.3.0',
171 silly addNameRange     '0.4.0',
171 silly addNameRange     '0.4.1',
171 silly addNameRange     '0.5.0',
171 silly addNameRange     '0.5.1',
171 silly addNameRange     '0.5.2',
171 silly addNameRange     '0.5.3',
171 silly addNameRange     '0.5.4',
171 silly addNameRange     '0.5.5',
171 silly addNameRange     '0.5.6',
171 silly addNameRange     '0.5.7',
171 silly addNameRange     '0.6.0',
171 silly addNameRange     '0.6.1',
171 silly addNameRange     '0.6.3',
171 silly addNameRange     '0.7.0',
171 silly addNameRange     '0.7.1',
171 silly addNameRange     '0.8.0',
171 silly addNameRange     '0.8.1',
171 silly addNameRange     '0.8.2',
171 silly addNameRange     '0.8.3',
171 silly addNameRange     '0.8.4',
171 silly addNameRange     '0.8.5',
171 silly addNameRange     '0.8.6',
171 silly addNameRange     '0.8.7',
171 silly addNameRange     '0.8.8',
171 silly addNameRange     '0.8.9',
171 silly addNameRange     '0.9.0',
171 silly addNameRange     '0.9.1',
171 silly addNameRange     '0.9.2',
171 silly addNameRange     '0.9.3',
171 silly addNameRange     '0.10.0',
171 silly addNameRange     '0.10.1',
171 silly addNameRange     '0.10.2',
171 silly addNameRange     '0.10.3',
171 silly addNameRange     '0.10.4',
171 silly addNameRange     '0.10.5',
171 silly addNameRange     '0.10.6',
171 silly addNameRange     '0.10.7',
171 silly addNameRange     '0.11.0',
171 silly addNameRange     '0.11.1',
171 silly addNameRange     '0.12.0',
171 silly addNameRange     '0.12.1',
171 silly addNameRange     '0.12.2',
171 silly addNameRange     '0.12.3',
171 silly addNameRange     '0.12.4',
171 silly addNameRange     '0.13.0',
171 silly addNameRange     '0.14.0',
171 silly addNameRange     '0.14.1',
171 silly addNameRange     '0.14.2',
171 silly addNameRange     '0.15.0',
171 silly addNameRange     '0.15.1',
171 silly addNameRange     '0.15.2',
171 silly addNameRange     '0.15.3',
171 silly addNameRange     '0.15.4',
171 silly addNameRange     '0.16.0',
171 silly addNameRange     '0.16.1',
171 silly addNameRange     '0.16.2',
171 silly addNameRange     '0.16.3',
171 silly addNameRange     '0.16.4',
171 silly addNameRange     '0.17.0',
171 silly addNameRange     '0.18.0',
171 silly addNameRange     '0.19.0',
171 silly addNameRange     '0.20.0',
171 silly addNameRange     '0.20.1',
171 silly addNameRange     '0.20.2',
171 silly addNameRange     '0.20.3',
171 silly addNameRange     '0.21.0',
171 silly addNameRange     '0.22.0',
171 silly addNameRange     '0.22.1',
171 silly addNameRange     '0.23.0',
171 silly addNameRange     '0.24.0',
171 silly addNameRange     '0.25.0',
171 silly addNameRange     '0.26.0',
171 silly addNameRange     '0.26.1',
171 silly addNameRange     '0.26.2',
171 silly addNameRange     '0.26.3',
171 silly addNameRange     '0.27.0',
171 silly addNameRange     '0.27.1',
171 silly addNameRange     '0.27.2',
171 silly addNameRange     '0.27.3',
171 silly addNameRange     '0.27.4',
171 silly addNameRange     '0.27.5',
171 silly addNameRange     '0.27.6',
171 silly addNameRange     '0.27.7',
171 silly addNameRange     '0.28.0',
171 silly addNameRange     '0.28.1',
171 silly addNameRange     '0.28.2',
171 silly addNameRange     '0.29.0',
171 silly addNameRange     '0.30.0',
171 silly addNameRange     '0.31.0',
171 silly addNameRange     '0.31.1',
171 silly addNameRange     '0.31.2',
171 silly addNameRange     '0.32.0',
171 silly addNameRange     '0.33.0',
171 silly addNameRange     '0.34.0',
171 silly addNameRange     '0.34.1',
171 silly addNameRange     '0.35.0',
171 silly addNameRange     '1.0.0',
171 silly addNameRange     '1.0.1',
171 silly addNameRange     '1.0.2',
171 silly addNameRange     '1.1.0',
171 silly addNameRange     '1.1.1',
171 silly addNameRange     '1.1.2',
171 silly addNameRange     '1.1.3',
171 silly addNameRange     '1.1.4',
171 silly addNameRange     '1.1.5',
171 silly addNameRange     '1.2.0',
171 silly addNameRange     '1.3.0',
171 silly addNameRange     '1.3.1',
171 silly addNameRange     '1.4.0',
171 silly addNameRange     '1.4.1',
171 silly addNameRange     '1.4.2',
171 silly addNameRange     '1.5.0',
171 silly addNameRange     '1.6.0',
171 silly addNameRange     '1.7.0',
171 silly addNameRange     '1.8.0',
171 silly addNameRange     '1.8.1',
171 silly addNameRange     '1.8.2' ] ]
172 verbose addNamed [ 'jade', '1.6.0' ]
173 verbose addNamed [ '1.6.0', '1.6.0' ]
174 silly lockFile c06071bd-jade-1-6-0 jade@1.6.0
175 verbose lock jade@1.6.0 /Users/paceld/.npm/c06071bd-jade-1-6-0.lock
176 info retry fetch attempt 1 at 17:12:16
177 verbose fetch to= /var/folders/jb/88_lh_3d6mz71bx3t00qz5lw0000gn/T/npm-8534-3inFum1B/registry.npmjs.org/morgan/-/morgan-1.3.2.tgz
178 http GET https://registry.npmjs.org/morgan/-/morgan-1.3.2.tgz
179 silly lockFile 7bdc82f5-ry-npmjs-org-jade-jade-1-6-0-tgz https://registry.npmjs.org/jade/-/jade-1.6.0.tgz
180 verbose lock https://registry.npmjs.org/jade/-/jade-1.6.0.tgz /Users/paceld/.npm/7bdc82f5-ry-npmjs-org-jade-jade-1-6-0-tgz.lock
181 verbose addRemoteTarball [ 'https://registry.npmjs.org/jade/-/jade-1.6.0.tgz',
181 verbose addRemoteTarball   'c02540cd97b1014db3c15743746bc3dcd54170f9' ]
182 info retry fetch attempt 1 at 17:12:16
183 verbose fetch to= /var/folders/jb/88_lh_3d6mz71bx3t00qz5lw0000gn/T/npm-8534-3inFum1B/registry.npmjs.org/jade/-/jade-1.6.0.tgz
184 http GET https://registry.npmjs.org/jade/-/jade-1.6.0.tgz
185 http 304 https://registry.npmjs.org/body-parser
186 silly registry.get cb [ 304,
186 silly registry.get   { date: 'Sun, 21 Dec 2014 00:12:16 GMT',
186 silly registry.get     server: 'Apache',
186 silly registry.get     via: '1.1 varnish',
186 silly registry.get     'last-modified': 'Sun, 21 Dec 2014 00:12:16 GMT',
186 silly registry.get     'cache-control': 'max-age=60',
186 silly registry.get     etag: '"ETFMT3XUY9E3VLUU2ZU6AZMLC"',
186 silly registry.get     age: '48',
186 silly registry.get     'x-served-by': 'cache-ord1732-ORD',
186 silly registry.get     'x-cache': 'HIT',
186 silly registry.get     'x-cache-hits': '1',
186 silly registry.get     'x-timer': 'S1419120736.733712,VS0,VE0',
186 silly registry.get     vary: 'Accept',
186 silly registry.get     'content-length': '0',
186 silly registry.get     'keep-alive': 'timeout=10, max=49',
186 silly registry.get     connection: 'Keep-Alive' } ]
187 verbose etag https://registry.npmjs.org/body-parser from cache
188 http 304 https://registry.npmjs.org/cookie-parser
189 silly registry.get cb [ 304,
189 silly registry.get   { date: 'Sun, 21 Dec 2014 00:12:16 GMT',
189 silly registry.get     server: 'Apache',
189 silly registry.get     via: '1.1 varnish',
189 silly registry.get     'last-modified': 'Sun, 21 Dec 2014 00:12:16 GMT',
189 silly registry.get     'cache-control': 'max-age=60',
189 silly registry.get     etag: '"3UWG5C6O2A8VI3EX16TXMA7QC"',
189 silly registry.get     age: '48',
189 silly registry.get     'x-served-by': 'cache-ord1726-ORD',
189 silly registry.get     'x-cache': 'HIT',
189 silly registry.get     'x-cache-hits': '1',
189 silly registry.get     'x-timer': 'S1419120736.735664,VS0,VE0',
189 silly registry.get     vary: 'Accept',
189 silly registry.get     'content-length': '0',
189 silly registry.get     'keep-alive': 'timeout=10, max=49',
189 silly registry.get     connection: 'Keep-Alive' } ]
190 verbose etag https://registry.npmjs.org/cookie-parser from cache
191 silly addNameRange number 2 { name: 'cookie-parser',
191 silly addNameRange   range: '>=1.3.3-0 <1.4.0-0',
191 silly addNameRange   hasData: true }
192 silly addNameRange versions [ 'cookie-parser',
192 silly addNameRange   [ '1.0.0',
192 silly addNameRange     '1.0.1',
192 silly addNameRange     '1.1.0',
192 silly addNameRange     '1.2.0',
192 silly addNameRange     '1.3.0',
192 silly addNameRange     '1.3.1',
192 silly addNameRange     '1.3.2',
192 silly addNameRange     '1.3.3' ] ]
193 verbose addNamed [ 'cookie-parser', '1.3.3' ]
194 verbose addNamed [ '1.3.3', '1.3.3' ]
195 silly lockFile 68450bd4-cookie-parser-1-3-3 cookie-parser@1.3.3
196 verbose lock cookie-parser@1.3.3 /Users/paceld/.npm/68450bd4-cookie-parser-1-3-3.lock
197 silly addNameRange number 2 { name: 'body-parser',
197 silly addNameRange   range: '>=1.8.1-0 <1.9.0-0',
197 silly addNameRange   hasData: true }
198 silly addNameRange versions [ 'body-parser',
198 silly addNameRange   [ '1.0.0',
198 silly addNameRange     '1.0.1',
198 silly addNameRange     '1.0.2',
198 silly addNameRange     '1.1.0',
198 silly addNameRange     '1.1.1',
198 silly addNameRange     '1.1.2',
198 silly addNameRange     '1.2.0',
198 silly addNameRange     '1.2.1',
198 silly addNameRange     '1.2.2',
198 silly addNameRange     '1.3.0',
198 silly addNameRange     '1.3.1',
198 silly addNameRange     '1.4.0',
198 silly addNameRange     '1.4.1',
198 silly addNameRange     '1.4.2',
198 silly addNameRange     '1.4.3',
198 silly addNameRange     '1.5.0',
198 silly addNameRange     '1.5.1',
198 silly addNameRange     '1.5.2',
198 silly addNameRange     '1.6.0',
198 silly addNameRange     '1.6.1',
198 silly addNameRange     '1.6.2',
198 silly addNameRange     '1.6.3',
198 silly addNameRange     '1.6.4',
198 silly addNameRange     '1.6.5',
198 silly addNameRange     '1.6.6',
198 silly addNameRange     '1.6.7',
198 silly addNameRange     '1.7.0',
198 silly addNameRange     '1.8.0',
198 silly addNameRange     '1.8.1',
198 silly addNameRange     '1.8.2',
198 silly addNameRange     '1.8.3',
198 silly addNameRange     '1.8.4',
198 silly addNameRange     '1.9.0',
198 silly addNameRange     '1.9.1',
198 silly addNameRange     '1.9.2',
198 silly addNameRange     '1.9.3',
198 silly addNameRange     '1.10.0' ] ]
199 verbose addNamed [ 'body-parser', '1.8.4' ]
200 verbose addNamed [ '1.8.4', '1.8.4' ]
201 silly lockFile 5cba912c-body-parser-1-8-4 body-parser@1.8.4
202 verbose lock body-parser@1.8.4 /Users/paceld/.npm/5cba912c-body-parser-1-8-4.lock
203 silly lockFile 58a51cf2-ody-parser-body-parser-1-8-4-tgz https://registry.npmjs.org/body-parser/-/body-parser-1.8.4.tgz
204 verbose lock https://registry.npmjs.org/body-parser/-/body-parser-1.8.4.tgz /Users/paceld/.npm/58a51cf2-ody-parser-body-parser-1-8-4-tgz.lock
205 verbose addRemoteTarball [ 'https://registry.npmjs.org/body-parser/-/body-parser-1.8.4.tgz',
205 verbose addRemoteTarball   'd497e04bc13b3f9a8bd8c70bb0cdc16f2e028898' ]
206 silly lockFile 68450bd4-cookie-parser-1-3-3 cookie-parser@1.3.3
207 silly lockFile 68450bd4-cookie-parser-1-3-3 cookie-parser@1.3.3
208 silly lockFile bf5babd8-cookie-parser-1-3-3 cookie-parser@~1.3.3
209 silly lockFile bf5babd8-cookie-parser-1-3-3 cookie-parser@~1.3.3
210 info retry fetch attempt 1 at 17:12:16
211 verbose fetch to= /var/folders/jb/88_lh_3d6mz71bx3t00qz5lw0000gn/T/npm-8534-3inFum1B/registry.npmjs.org/body-parser/-/body-parser-1.8.4.tgz
212 http GET https://registry.npmjs.org/body-parser/-/body-parser-1.8.4.tgz
213 http 304 https://registry.npmjs.org/express
214 silly registry.get cb [ 304,
214 silly registry.get   { date: 'Sun, 21 Dec 2014 00:12:16 GMT',
214 silly registry.get     server: 'Apache',
214 silly registry.get     via: '1.1 varnish',
214 silly registry.get     'last-modified': 'Sun, 21 Dec 2014 00:12:16 GMT',
214 silly registry.get     'cache-control': 'max-age=60',
214 silly registry.get     etag: '"4Z3Q8LIV2SPPVOI0ZQDH2HLA0"',
214 silly registry.get     age: '0',
214 silly registry.get     'x-served-by': 'cache-ord1734-ORD',
214 silly registry.get     'x-cache': 'HIT',
214 silly registry.get     'x-cache-hits': '1',
214 silly registry.get     'x-timer': 'S1419120736.726807,VS0,VE64',
214 silly registry.get     vary: 'Accept',
214 silly registry.get     'content-length': '0',
214 silly registry.get     'keep-alive': 'timeout=10, max=50',
214 silly registry.get     connection: 'Keep-Alive' } ]
215 verbose etag https://registry.npmjs.org/express from cache
216 silly addNameRange number 2 { name: 'express', range: '>=4.9.0-0 <4.10.0-0', hasData: true }
217 silly addNameRange versions [ 'express',
217 silly addNameRange   [ '0.14.0',
217 silly addNameRange     '0.14.1',
217 silly addNameRange     '1.0.0',
217 silly addNameRange     '1.0.1',
217 silly addNameRange     '1.0.2',
217 silly addNameRange     '1.0.3',
217 silly addNameRange     '1.0.4',
217 silly addNameRange     '1.0.5',
217 silly addNameRange     '1.0.6',
217 silly addNameRange     '1.0.7',
217 silly addNameRange     '1.0.8',
217 silly addNameRange     '2.0.0',
217 silly addNameRange     '2.1.0',
217 silly addNameRange     '2.1.1',
217 silly addNameRange     '2.2.0',
217 silly addNameRange     '2.2.1',
217 silly addNameRange     '2.2.2',
217 silly addNameRange     '2.3.0',
217 silly addNameRange     '2.3.1',
217 silly addNameRange     '2.3.2',
217 silly addNameRange     '2.3.3',
217 silly addNameRange     '2.3.4',
217 silly addNameRange     '2.3.5',
217 silly addNameRange     '2.3.6',
217 silly addNameRange     '2.3.7',
217 silly addNameRange     '2.3.8',
217 silly addNameRange     '2.3.9',
217 silly addNameRange     '2.3.10',
217 silly addNameRange     '2.3.11',
217 silly addNameRange     '2.3.12',
217 silly addNameRange     '2.4.0',
217 silly addNameRange     '2.4.1',
217 silly addNameRange     '2.4.2',
217 silly addNameRange     '2.4.3',
217 silly addNameRange     '2.4.4',
217 silly addNameRange     '2.4.5',
217 silly addNameRange     '2.4.6',
217 silly addNameRange     '2.4.7',
217 silly addNameRange     '2.5.0',
217 silly addNameRange     '2.5.1',
217 silly addNameRange     '2.5.2',
217 silly addNameRange     '2.5.3',
217 silly addNameRange     '2.5.4',
217 silly addNameRange     '2.5.5',
217 silly addNameRange     '2.5.6',
217 silly addNameRange     '2.5.7',
217 silly addNameRange     '2.5.8',
217 silly addNameRange     '2.5.9',
217 silly addNameRange     '2.5.10',
217 silly addNameRange     '2.5.11',
217 silly addNameRange     '3.0.0',
217 silly addNameRange     '3.0.1',
217 silly addNameRange     '3.0.2',
217 silly addNameRange     '3.0.3',
217 silly addNameRange     '3.0.4',
217 silly addNameRange     '3.0.5',
217 silly addNameRange     '3.0.6',
217 silly addNameRange     '3.1.0',
217 silly addNameRange     '3.1.1',
217 silly addNameRange     '3.1.2',
217 silly addNameRange     '3.2.0',
217 silly addNameRange     '3.2.1',
217 silly addNameRange     '3.2.2',
217 silly addNameRange     '3.2.3',
217 silly addNameRange     '3.2.4',
217 silly addNameRange     '3.2.5',
217 silly addNameRange     '3.2.6',
217 silly addNameRange     '3.3.0',
217 silly addNameRange     '3.3.1',
217 silly addNameRange     '3.3.2',
217 silly addNameRange     '3.3.3',
217 silly addNameRange     '3.3.4',
217 silly addNameRange     '3.3.5',
217 silly addNameRange     '3.3.6',
217 silly addNameRange     '1.0.0-beta',
217 silly addNameRange     '1.0.0-beta2',
217 silly addNameRange     '1.0.0-rc',
217 silly addNameRange     '1.0.0-rc2',
217 silly addNameRange     '1.0.0-rc3',
217 silly addNameRange     '1.0.0-rc4',
217 silly addNameRange     '2.0.0-beta',
217 silly addNameRange     '2.0.0-beta2',
217 silly addNameRange     '2.0.0-beta3',
217 silly addNameRange     '2.0.0-rc',
217 silly addNameRange     '2.0.0-rc2',
217 silly addNameRange     '2.0.0-rc3',
217 silly addNameRange     '3.0.0-alpha1',
217 silly addNameRange     '3.0.0-alpha2',
217 silly addNameRange     '3.0.0-alpha3',
217 silly addNameRange     '3.0.0-alpha4',
217 silly addNameRange     '3.0.0-alpha5',
217 silly addNameRange     '3.0.0-beta1',
217 silly addNameRange     '3.0.0-beta2',
217 silly addNameRange     '3.0.0-beta3',
217 silly addNameRange     '3.0.0-beta4',
217 silly addNameRange     '3.0.0-beta6',
217 silly addNameRange     '3.0.0-beta7',
217 silly addNameRange     '3.0.0-rc1',
217 silly addNameRange     '3.0.0-rc2',
217 silly addNameRange     '3.0.0-rc3',
217 silly addNameRange     '3.0.0-rc4',
217 silly addNameRange     '3.0.0-rc5',
217 silly addNameRange     '3.3.7',
217 silly addNameRange     '3.3.8',
217 silly addNameRange     '3.4.0',
217 silly addNameRange     '3.4.1',
217 silly addNameRange     '3.4.2',
217 silly addNameRange     '3.4.3',
217 silly addNameRange     '3.4.4',
217 silly addNameRange     '3.4.5',
217 silly addNameRange     '3.4.6',
217 silly addNameRange     '3.4.7',
217 silly addNameRange     '3.4.8',
217 silly addNameRange     '4.0.0-rc1',
217 silly addNameRange     '4.0.0-rc2',
217 silly addNameRange     '3.5.0',
217 silly addNameRange     '4.0.0-rc3',
217 silly addNameRange     '4.0.0-rc4',
217 silly addNameRange     '3.5.1',
217 silly addNameRange     '4.0.0',
217 silly addNameRange     '3.5.2',
217 silly addNameRange     '4.1.0',
217 silly addNameRange     '4.1.1',
217 silly addNameRange     '3.5.3',
217 silly addNameRange     '4.1.2',
217 silly addNameRange     '3.6.0',
217 silly addNameRange     '4.2.0',
217 silly addNameRange     '3.7.0',
217 silly addNameRange     '3.8.0',
217 silly addNameRange     '4.3.0',
217 silly addNameRange     '4.3.1',
217 silly addNameRange     '3.8.1',
217 silly addNameRange     '4.3.2',
217 silly addNameRange     '3.9.0',
217 silly addNameRange     '4.4.0',
217 silly addNameRange     '4.4.1',
217 silly addNameRange     '3.10.0',
217 silly addNameRange     '3.10.1',
217 silly addNameRange     '3.10.2',
217 silly addNameRange     '3.10.3',
217 silly addNameRange     '3.10.4',
217 silly addNameRange     '4.4.2',
217 silly addNameRange     '3.10.5',
217 silly addNameRange     '4.4.3',
217 silly addNameRange     '3.11.0',
217 silly addNameRange     '4.4.4',
217 silly addNameRange     '3.12.0',
217 silly addNameRange     '3.12.1',
217 silly addNameRange     '4.4.5',
217 silly addNameRange     '3.13.0',
217 silly addNameRange     '4.5.0',
217 silly addNameRange     '4.5.1',
217 silly addNameRange     '3.14.0',
217 silly addNameRange     '4.6.0',
217 silly addNameRange     '4.6.1',
217 silly addNameRange     '3.15.0',
217 silly addNameRange     '4.7.0',
217 silly addNameRange     '3.15.1',
217 silly addNameRange     '4.7.1',
217 silly addNameRange     '3.15.2',
217 silly addNameRange     '4.7.2',
217 silly addNameRange     '4.7.3',
217 silly addNameRange     '3.15.3',
217 silly addNameRange     '4.7.4',
217 silly addNameRange     '3.16.0',
217 silly addNameRange     '4.8.0',
217 silly addNameRange     '3.16.1',
217 silly addNameRange     '4.8.1',
217 silly addNameRange     '3.16.2',
217 silly addNameRange     '4.8.2',
217 silly addNameRange     '3.16.3',
217 silly addNameRange     '3.16.4',
217 silly addNameRange     '4.8.3',
217 silly addNameRange     '3.16.5',
217 silly addNameRange     '3.16.6',
217 silly addNameRange     '4.8.4',
217 silly addNameRange     '3.16.7',
217 silly addNameRange     '4.8.5',
217 silly addNameRange     '3.16.8',
217 silly addNameRange     '4.8.6',
217 silly addNameRange     '3.16.9',
217 silly addNameRange     '4.8.7',
217 silly addNameRange     '3.16.10',
217 silly addNameRange     '4.8.8',
217 silly addNameRange     '3.17.0',
217 silly addNameRange     '3.17.1',
217 silly addNameRange     '4.9.0',
217 silly addNameRange     '3.17.2',
217 silly addNameRange     '4.9.1',
217 silly addNameRange     '4.9.2',
217 silly addNameRange     '3.17.3',
217 silly addNameRange     '4.9.3',
217 silly addNameRange     '3.17.4',
217 silly addNameRange     '4.9.4',
217 silly addNameRange     '3.17.5',
217 silly addNameRange     '4.9.5',
217 silly addNameRange     '3.17.6',
217 silly addNameRange     '3.17.7',
217 silly addNameRange     '4.9.6',
217 silly addNameRange     '4.9.7',
217 silly addNameRange     '3.17.8',
217 silly addNameRange     '4.9.8',
217 silly addNameRange     '3.18.0',
217 silly addNameRange     '3.18.1',
217 silly addNameRange     '4.10.0',
217 silly addNameRange     '3.18.2',
217 silly addNameRange     '4.10.1',
217 silly addNameRange     '5.0.0-alpha.1',
217 silly addNameRange     '3.18.3',
217 silly addNameRange     '4.10.2',
217 silly addNameRange     '3.18.4',
217 silly addNameRange     '4.10.3',
217 silly addNameRange     '4.10.4',
217 silly addNameRange     '4.10.5',
217 silly addNameRange     '3.18.5',
217 silly addNameRange     '3.18.6',
217 silly addNameRange     '4.10.6' ] ]
218 verbose addNamed [ 'express', '4.9.8' ]
219 verbose addNamed [ '4.9.8', '4.9.8' ]
220 silly lockFile 3e3a25f6-express-4-9-8 express@4.9.8
221 verbose lock express@4.9.8 /Users/paceld/.npm/3e3a25f6-express-4-9-8.lock
222 silly lockFile 2d7fb097-js-org-express-express-4-9-8-tgz https://registry.npmjs.org/express/-/express-4.9.8.tgz
223 verbose lock https://registry.npmjs.org/express/-/express-4.9.8.tgz /Users/paceld/.npm/2d7fb097-js-org-express-express-4-9-8-tgz.lock
224 verbose addRemoteTarball [ 'https://registry.npmjs.org/express/-/express-4.9.8.tgz',
224 verbose addRemoteTarball   'f360f596baeabbd0e5223b603d6eb578d9d2d10d' ]
225 info retry fetch attempt 1 at 17:12:16
226 verbose fetch to= /var/folders/jb/88_lh_3d6mz71bx3t00qz5lw0000gn/T/npm-8534-3inFum1B/registry.npmjs.org/express/-/express-4.9.8.tgz
227 http GET https://registry.npmjs.org/express/-/express-4.9.8.tgz
228 http 200 https://registry.npmjs.org/serve-favicon
229 silly registry.get cb [ 200,
229 silly registry.get   { date: 'Sun, 21 Dec 2014 00:12:16 GMT',
229 silly registry.get     server: 'CouchDB/1.5.0 (Erlang OTP/R16B03)',
229 silly registry.get     etag: '"C74XEFQWDF39OMPYXXC09NPTH"',
229 silly registry.get     'content-type': 'application/json',
229 silly registry.get     'cache-control': 'max-age=60',
229 silly registry.get     'content-length': '20385',
229 silly registry.get     'accept-ranges': 'bytes',
229 silly registry.get     via: '1.1 varnish',
229 silly registry.get     age: '48',
229 silly registry.get     'x-served-by': 'cache-ord1720-ORD',
229 silly registry.get     'x-cache': 'HIT',
229 silly registry.get     'x-cache-hits': '1',
229 silly registry.get     'x-timer': 'S1419120736.682369,VS0,VE0',
229 silly registry.get     vary: 'Accept',
229 silly registry.get     'keep-alive': 'timeout=10, max=50',
229 silly registry.get     connection: 'Keep-Alive' } ]
230 silly addNameRange number 2 { name: 'serve-favicon',
230 silly addNameRange   range: '>=2.1.3-0 <2.2.0-0',
230 silly addNameRange   hasData: true }
231 silly addNameRange versions [ 'serve-favicon',
231 silly addNameRange   [ '2.0.0',
231 silly addNameRange     '2.0.1',
231 silly addNameRange     '2.1.0',
231 silly addNameRange     '2.1.1',
231 silly addNameRange     '2.1.2',
231 silly addNameRange     '2.1.3',
231 silly addNameRange     '2.1.4',
231 silly addNameRange     '2.1.5',
231 silly addNameRange     '2.1.6',
231 silly addNameRange     '2.1.7',
231 silly addNameRange     '2.2.0' ] ]
232 verbose addNamed [ 'serve-favicon', '2.1.7' ]
233 verbose addNamed [ '2.1.7', '2.1.7' ]
234 silly lockFile 041e16ae-serve-favicon-2-1-7 serve-favicon@2.1.7
235 verbose lock serve-favicon@2.1.7 /Users/paceld/.npm/041e16ae-serve-favicon-2-1-7.lock
236 silly lockFile 901719e4--favicon-serve-favicon-2-1-7-tgz https://registry.npmjs.org/serve-favicon/-/serve-favicon-2.1.7.tgz
237 verbose lock https://registry.npmjs.org/serve-favicon/-/serve-favicon-2.1.7.tgz /Users/paceld/.npm/901719e4--favicon-serve-favicon-2-1-7-tgz.lock
238 verbose addRemoteTarball [ 'https://registry.npmjs.org/serve-favicon/-/serve-favicon-2.1.7.tgz',
238 verbose addRemoteTarball   '7b911c0ea4c0f9a2ad686daa5222766f7bc7db79' ]
239 info retry fetch attempt 1 at 17:12:16
240 verbose fetch to= /var/folders/jb/88_lh_3d6mz71bx3t00qz5lw0000gn/T/npm-8534-3inFum1B/registry.npmjs.org/serve-favicon/-/serve-favicon-2.1.7.tgz
241 http GET https://registry.npmjs.org/serve-favicon/-/serve-favicon-2.1.7.tgz
242 http 200 https://registry.npmjs.org/jade/-/jade-1.6.0.tgz
243 http 200 https://registry.npmjs.org/body-parser/-/body-parser-1.8.4.tgz
244 http 200 https://registry.npmjs.org/morgan/-/morgan-1.3.2.tgz
245 silly lockFile 58a51cf2-ody-parser-body-parser-1-8-4-tgz https://registry.npmjs.org/body-parser/-/body-parser-1.8.4.tgz
246 silly lockFile 58a51cf2-ody-parser-body-parser-1-8-4-tgz https://registry.npmjs.org/body-parser/-/body-parser-1.8.4.tgz
247 silly lockFile 5cba912c-body-parser-1-8-4 body-parser@1.8.4
248 silly lockFile 5cba912c-body-parser-1-8-4 body-parser@1.8.4
249 silly lockFile a49948c1-body-parser-1-8-1 body-parser@~1.8.1
250 silly lockFile a49948c1-body-parser-1-8-1 body-parser@~1.8.1
251 http 200 https://registry.npmjs.org/express/-/express-4.9.8.tgz
252 silly lockFile cac8e271-pmjs-org-morgan-morgan-1-3-2-tgz https://registry.npmjs.org/morgan/-/morgan-1.3.2.tgz
253 silly lockFile cac8e271-pmjs-org-morgan-morgan-1-3-2-tgz https://registry.npmjs.org/morgan/-/morgan-1.3.2.tgz
254 silly lockFile 7e2b41c6-morgan-1-3-2 morgan@1.3.2
255 silly lockFile 7e2b41c6-morgan-1-3-2 morgan@1.3.2
256 silly lockFile a4a9bdf4-morgan-1-3-0 morgan@~1.3.0
257 silly lockFile a4a9bdf4-morgan-1-3-0 morgan@~1.3.0
258 http 200 https://registry.npmjs.org/serve-favicon/-/serve-favicon-2.1.7.tgz
259 silly lockFile 901719e4--favicon-serve-favicon-2-1-7-tgz https://registry.npmjs.org/serve-favicon/-/serve-favicon-2.1.7.tgz
260 silly lockFile 901719e4--favicon-serve-favicon-2-1-7-tgz https://registry.npmjs.org/serve-favicon/-/serve-favicon-2.1.7.tgz
261 silly lockFile 041e16ae-serve-favicon-2-1-7 serve-favicon@2.1.7
262 silly lockFile 041e16ae-serve-favicon-2-1-7 serve-favicon@2.1.7
263 silly lockFile 38295489-serve-favicon-2-1-3 serve-favicon@~2.1.3
264 silly lockFile 38295489-serve-favicon-2-1-3 serve-favicon@~2.1.3
265 silly lockFile 2d7fb097-js-org-express-express-4-9-8-tgz https://registry.npmjs.org/express/-/express-4.9.8.tgz
266 silly lockFile 2d7fb097-js-org-express-express-4-9-8-tgz https://registry.npmjs.org/express/-/express-4.9.8.tgz
267 silly lockFile 3e3a25f6-express-4-9-8 express@4.9.8
268 silly lockFile 3e3a25f6-express-4-9-8 express@4.9.8
269 silly lockFile 6ae7fa08-express-4-9-0 express@~4.9.0
270 silly lockFile 6ae7fa08-express-4-9-0 express@~4.9.0
271 silly lockFile 7bdc82f5-ry-npmjs-org-jade-jade-1-6-0-tgz https://registry.npmjs.org/jade/-/jade-1.6.0.tgz
272 silly lockFile 7bdc82f5-ry-npmjs-org-jade-jade-1-6-0-tgz https://registry.npmjs.org/jade/-/jade-1.6.0.tgz
273 silly lockFile c06071bd-jade-1-6-0 jade@1.6.0
274 silly lockFile c06071bd-jade-1-6-0 jade@1.6.0
275 silly lockFile ad8c17a8-jade-1-6-0 jade@~1.6.0
276 silly lockFile ad8c17a8-jade-1-6-0 jade@~1.6.0
277 error Error: EACCES, mkdir '/Users/paceld/.npm/body-parser/1.8.4'
277 error  { [Error: EACCES, mkdir '/Users/paceld/.npm/body-parser/1.8.4']
277 error   errno: 3,
277 error   code: 'EACCES',
277 error   path: '/Users/paceld/.npm/body-parser/1.8.4',
277 error   parent: 'smmog' }
278 error Please try running this command again as root/Administrator.
279 error System Darwin 14.0.0
280 error command "node" "/usr/local/bin/npm" "install"
281 error cwd /Users/paceld/workspace/1ssmogSnake
282 error node -v v0.10.33
283 error npm -v 1.4.28
284 error path /Users/paceld/.npm/body-parser/1.8.4
285 error code EACCES
286 error errno 3
287 error stack Error: EACCES, mkdir '/Users/paceld/.npm/body-parser/1.8.4'
288 verbose exit [ 3, true ]
